[INFO] 2026-01-02 13:31:39 | Tenant: N/A | User: Anonymous | api | GET /api/users/ | Status: 401 | Duration: 0.79s
[INFO] 2026-01-02 13:32:49 | Tenant: N/A | User: Anonymous | api | POST /api/auth/login/ | Status: 200 | Duration: 15.99s
[INFO] 2026-01-02 13:33:32 | Tenant: N/A | User: 16 | api | GET /api/users/ | Status: 200 | Duration: 3.48s
[INFO] 2026-01-02 21:48:52 | Tenant: N/A | User: Anonymous | api | GET /api/docs/ | Status: 200 | Duration: 0.53s
[INFO] 2026-01-02 21:48:55 | Tenant: N/A | User: Anonymous | api | GET /api/docs/ | Status: 200 | Duration: 0.00s
[INFO] 2026-01-02 21:49:00 | Tenant: N/A | User: Anonymous | api | GET /api/schema/ | Status: 200 | Duration: 0.57s
[INFO] 2026-01-02 21:57:23 | Tenant: N/A | User: Anonymous | api | GET /api/docs/ | Status: 200 | Duration: 0.95s
[INFO] 2026-01-02 21:57:24 | Tenant: N/A | User: Anonymous | api | GET /api/schema/ | Status: 200 | Duration: 0.64s
[INFO] 2026-01-02 22:02:21 | Tenant: N/A | User: Anonymous | api | POST /api/parents/ | Status: 401 | Duration: 0.00s
[INFO] 2026-01-02 22:06:41 | Tenant: N/A | User: Anonymous | api | GET /api/docs/ | Status: 200 | Duration: 0.00s
[INFO] 2026-01-02 22:06:43 | Tenant: N/A | User: Anonymous | api | GET /api/schema/ | Status: 200 | Duration: 0.77s
[INFO] 2026-01-02 22:06:51 | Tenant: N/A | User: Anonymous | api | GET /api/docs/ | Status: 200 | Duration: 0.00s
[INFO] 2026-01-02 22:06:52 | Tenant: N/A | User: Anonymous | api | GET /api/schema/ | Status: 200 | Duration: 0.57s
[INFO] 2026-01-02 22:07:12 | Tenant: N/A | User: Anonymous | api | GET /api/docs/ | Status: 200 | Duration: 0.91s
[INFO] 2026-01-02 22:07:13 | Tenant: N/A | User: Anonymous | api | GET /api/schema/ | Status: 200 | Duration: 0.77s
[INFO] 2026-01-02 22:16:54 | Tenant: N/A | User: Anonymous | api | GET /api/docs/ | Status: 200 | Duration: 0.49s
[INFO] 2026-01-02 22:16:55 | Tenant: N/A | User: Anonymous | api | GET /api/schema/ | Status: 500 | Duration: 0.58s
[INFO] 2026-01-02 22:16:56 | Tenant: N/A | User: Anonymous | api | GET /api/schema/ | Status: 500 | Duration: 0.38s
[INFO] 2026-01-02 22:30:33 | Tenant: N/A | User: Anonymous | api | GET /api/docs/ | Status: 200 | Duration: 0.85s
[INFO] 2026-01-02 22:30:34 | Tenant: N/A | User: Anonymous | api | GET /api/schema/ | Status: 200 | Duration: 0.77s
[INFO] 2026-01-02 22:45:04 | Tenant: N/A | User: Anonymous | api | GET /api/docs/ | Status: 200 | Duration: 0.62s
[INFO] 2026-01-02 22:45:05 | Tenant: N/A | User: Anonymous | api | GET /api/schema/ | Status: 200 | Duration: 0.53s
[INFO] 2026-01-02 22:55:04 | Tenant: N/A | User: Anonymous | api | GET /api/docs/ | Status: 200 | Duration: 0.54s
[INFO] 2026-01-02 22:55:06 | Tenant: N/A | User: Anonymous | api | GET /api/schema/ | Status: 200 | Duration: 0.55s
[INFO] 2026-01-03 18:50:19 | Tenant: N/A | User: Anonymous | api | GET /api/docs/ | Status: 200 | Duration: 1.82s
[INFO] 2026-01-03 18:50:21 | Tenant: N/A | User: Anonymous | api | GET /api/schema/ | Status: 200 | Duration: 0.74s
[INFO] 2026-01-03 18:50:43 | Tenant: N/A | User: Anonymous | api | GET /api/auth/check-email-exists/?email=omosgoerge%40gmail.com | Status: 200 | Duration: 9.52s
[INFO] 2026-01-03 19:20:30 | Tenant: N/A | User: Anonymous | api | GET /api/docs/ | Status: 200 | Duration: 0.84s
[INFO] 2026-01-03 19:20:32 | Tenant: N/A | User: Anonymous | api | GET /api/schema/ | Status: 200 | Duration: 0.99s
[INFO] 2026-01-16 12:05:25 | Tenant: N/A | User: Anonymous | api | GET /api/docs/ | Status: 200 | Duration: 0.75s
[INFO] 2026-01-16 12:05:29 | Tenant: N/A | User: Anonymous | api | GET /api/schema/ | Status: 200 | Duration: 1.11s
[INFO] 2026-01-16 12:07:55 | Tenant: N/A | User: Anonymous | api | POST /api/webhook/paystack/ | Status: 400 | Duration: 0.00s
[INFO] 2026-01-16 12:09:05 | Tenant: N/A | User: Anonymous | api | GET /api/docs/ | Status: 200 | Duration: 0.01s
[INFO] 2026-01-16 12:09:07 | Tenant: N/A | User: Anonymous | api | GET /api/schema/ | Status: 200 | Duration: 1.07s
[INFO] 2026-01-16 12:10:03 | Tenant: N/A | User: Anonymous | api | GET /api/docs/ | Status: 200 | Duration: 0.94s
[INFO] 2026-01-16 12:10:04 | Tenant: N/A | User: Anonymous | api | GET /api/schema/ | Status: 200 | Duration: 0.88s
[INFO] 2026-01-16 12:13:34 | Tenant: N/A | User: Anonymous | api | GET /api/docs/ | Status: 200 | Duration: 0.00s
[INFO] 2026-01-16 12:13:36 | Tenant: N/A | User: Anonymous | api | GET /api/schema/ | Status: 200 | Duration: 0.88s
[INFO] 2026-01-16 12:13:56 | Tenant: N/A | User: Anonymous | api | GET /favicon.ico | Status: 404 | Duration: 0.56s
[INFO] 2026-01-16 12:14:00 | Tenant: N/A | User: Anonymous | api | GET /api/docs/ | Status: 200 | Duration: 0.20s
[INFO] 2026-01-16 12:14:01 | Tenant: N/A | User: Anonymous | api | GET /api/schema/ | Status: 200 | Duration: 0.88s
[INFO] 2026-01-16 12:15:14 | Tenant: N/A | User: Anonymous | api | GET /api/payments/ | Status: 401 | Duration: 0.00s
[INFO] 2026-01-16 12:21:37 | Tenant: N/A | User: Anonymous | api | GET /api/docs/ | Status: 200 | Duration: 0.00s
[INFO] 2026-01-16 12:21:39 | Tenant: N/A | User: Anonymous | api | GET /api/schema/ | Status: 200 | Duration: 0.91s
[INFO] 2026-01-16 12:22:07 | Tenant: N/A | User: Anonymous | api | GET /api/docs/ | Status: 200 | Duration: 0.79s
[INFO] 2026-01-16 12:22:08 | Tenant: N/A | User: Anonymous | api | GET /api/schema/ | Status: 200 | Duration: 0.87s
[INFO] 2026-01-16 12:23:10 | Tenant: N/A | User: Anonymous | api | POST /api/payments/ | Status: 401 | Duration: 0.00s
