[ERROR] 2026-01-02 22:16:55 | Tenant: N/A | User: Anonymous | django.request | Internal Server Error: /api/schema/
Traceback (most recent call last):
  File "/home/whoami/Documents/Builds/django/it360acad/it360acad_backend/.venv/lib/python3.13/site-packages/django/core/handlers/exception.py", line 55, in inner
    response = get_response(request)
  File "/home/whoami/Documents/Builds/django/it360acad/it360acad_backend/.venv/lib/python3.13/site-packages/django/core/handlers/base.py", line 198, in _get_response
    response = wrapped_callback(request, *callback_args, **callback_kwargs)
  File "/home/whoami/Documents/Builds/django/it360acad/it360acad_backend/.venv/lib/python3.13/site-packages/django/views/decorators/csrf.py", line 65, in _view_wrapper
    return view_func(request, *args, **kwargs)
  File "/home/whoami/Documents/Builds/django/it360acad/it360acad_backend/.venv/lib/python3.13/site-packages/django/views/generic/base.py", line 106, in view
    return self.dispatch(request, *args, **kwargs)
           ~~~~~~~~~~~~~^^^^^^^^^^^^^^^^^^^^^^^^^^
  File "/home/whoami/Documents/Builds/django/it360acad/it360acad_backend/.venv/lib/python3.13/site-packages/rest_framework/views.py", line 515, in dispatch
    response = self.handle_exception(exc)
  File "/home/whoami/Documents/Builds/django/it360acad/it360acad_backend/.venv/lib/python3.13/site-packages/rest_framework/views.py", line 475, in handle_exception
    self.raise_uncaught_exception(exc)
    ~~~~~~~~~~~~~~~~~~~~~~~~~~~~~^^^^^
  File "/home/whoami/Documents/Builds/django/it360acad/it360acad_backend/.venv/lib/python3.13/site-packages/rest_framework/views.py", line 486, in raise_uncaught_exception
    raise exc
  File "/home/whoami/Documents/Builds/django/it360acad/it360acad_backend/.venv/lib/python3.13/site-packages/rest_framework/views.py", line 512, in dispatch
    response = handler(request, *args, **kwargs)
  File "/home/whoami/Documents/Builds/django/it360acad/it360acad_backend/.venv/lib/python3.13/site-packages/drf_spectacular/views.py", line 84, in get
    return self._get_schema_response(request)
           ~~~~~~~~~~~~~~~~~~~~~~~~~^^^^^^^^^
  File "/home/whoami/Documents/Builds/django/it360acad/it360acad_backend/.venv/lib/python3.13/site-packages/drf_spectacular/views.py", line 92, in _get_schema_response
    data=generator.get_schema(request=request, public=self.serve_public),
         ~~~~~~~~~~~~~~~~~~~~^^^^^^^^^^^^^^^^^^^^^^^^^^^^^^^^^^^^^^^^^^^
  File "/home/whoami/Documents/Builds/django/it360acad/it360acad_backend/.venv/lib/python3.13/site-packages/drf_spectacular/generators.py", line 287, in get_schema
    paths=self.parse(request, public),
          ~~~~~~~~~~^^^^^^^^^^^^^^^^^
  File "/home/whoami/Documents/Builds/django/it360acad/it360acad_backend/.venv/lib/python3.13/site-packages/drf_spectacular/generators.py", line 258, in parse
    operation = view.schema.get_operation(
        path, path_regex, path_prefix, method, self.registry
    )
  File "/home/whoami/Documents/Builds/django/it360acad/it360acad_backend/.venv/lib/python3.13/site-packages/drf_spectacular/openapi.py", line 113, in get_operation
    operation['responses'] = self._get_response_bodies()
                             ~~~~~~~~~~~~~~~~~~~~~~~~~^^
  File "/home/whoami/Documents/Builds/django/it360acad/it360acad_backend/.venv/lib/python3.13/site-packages/drf_spectacular/openapi.py", line 1407, in _get_response_bodies
    return {'200': self._get_response_for_code(response_serializers, '200', direction=direction)}
                   ~~~~~~~~~~~~~~~~~~~~~~~~~~~^^^^^^^^^^^^^^^^^^^^^^^^^^^^^^^^^^^^^^^^^^^^^^^^^^
  File "/home/whoami/Documents/Builds/django/it360acad/it360acad_backend/.venv/lib/python3.13/site-packages/drf_spectacular/openapi.py", line 1463, in _get_response_for_code
    component = self.resolve_serializer(serializer, direction)
  File "/home/whoami/Documents/Builds/django/it360acad/it360acad_backend/.venv/lib/python3.13/site-packages/drf_spectacular/openapi.py", line 1658, in resolve_serializer
    component.schema = self._map_serializer(serializer, direction, bypass_extensions)
                       ~~~~~~~~~~~~~~~~~~~~^^^^^^^^^^^^^^^^^^^^^^^^^^^^^^^^^^^^^^^^^^
  File "/home/whoami/Documents/Builds/django/it360acad/it360acad_backend/.venv/lib/python3.13/site-packages/drf_spectacular/openapi.py", line 959, in _map_serializer
    schema = self._map_basic_serializer(serializer, direction)
  File "/home/whoami/Documents/Builds/django/it360acad/it360acad_backend/.venv/lib/python3.13/site-packages/drf_spectacular/openapi.py", line 1052, in _map_basic_serializer
    for field in serializer.fields.values():
                 ^^^^^^^^^^^^^^^^^
  File "/home/whoami/Documents/Builds/django/it360acad/it360acad_backend/.venv/lib/python3.13/site-packages/django/utils/functional.py", line 47, in __get__
    res = instance.__dict__[self.name] = self.func(instance)
                                         ~~~~~~~~~^^^^^^^^^^
  File "/home/whoami/Documents/Builds/django/it360acad/it360acad_backend/.venv/lib/python3.13/site-packages/rest_framework/serializers.py", line 374, in fields
    for key, value in self.get_fields().items():
                      ~~~~~~~~~~~~~~~^^
  File "/home/whoami/Documents/Builds/django/it360acad/it360acad_backend/.venv/lib/python3.13/site-packages/rest_framework/serializers.py", line 1105, in get_fields
    field_class, field_kwargs = self.build_field(
                                ~~~~~~~~~~~~~~~~^
        source, info, model, depth
        ^^^^^^^^^^^^^^^^^^^^^^^^^^
    )
    ^
  File "/home/whoami/Documents/Builds/django/it360acad/it360acad_backend/.venv/lib/python3.13/site-packages/rest_framework/serializers.py", line 1251, in build_field
    return self.build_unknown_field(field_name, model_class)
           ~~~~~~~~~~~~~~~~~~~~~~~~^^^^^^^^^^^^^^^^^^^^^^^^^
  File "/home/whoami/Documents/Builds/django/it360acad/it360acad_backend/.venv/lib/python3.13/site-packages/rest_framework/serializers.py", line 1369, in build_unknown_field
    raise ImproperlyConfigured(
    ...<2 lines>...
    )
django.core.exceptions.ImproperlyConfigured: Field name `paid_by_parent` is not valid for model `CourseEnrollment` in `courses.serializer.enrollment.CourseEnrollmentSerializer`.
[ERROR] 2026-01-02 22:16:56 | Tenant: N/A | User: Anonymous | django.request | Internal Server Error: /api/schema/
Traceback (most recent call last):
  File "/home/whoami/Documents/Builds/django/it360acad/it360acad_backend/.venv/lib/python3.13/site-packages/django/core/handlers/exception.py", line 55, in inner
    response = get_response(request)
  File "/home/whoami/Documents/Builds/django/it360acad/it360acad_backend/.venv/lib/python3.13/site-packages/django/core/handlers/base.py", line 198, in _get_response
    response = wrapped_callback(request, *callback_args, **callback_kwargs)
  File "/home/whoami/Documents/Builds/django/it360acad/it360acad_backend/.venv/lib/python3.13/site-packages/django/views/decorators/csrf.py", line 65, in _view_wrapper
    return view_func(request, *args, **kwargs)
  File "/home/whoami/Documents/Builds/django/it360acad/it360acad_backend/.venv/lib/python3.13/site-packages/django/views/generic/base.py", line 106, in view
    return self.dispatch(request, *args, **kwargs)
           ~~~~~~~~~~~~~^^^^^^^^^^^^^^^^^^^^^^^^^^
  File "/home/whoami/Documents/Builds/django/it360acad/it360acad_backend/.venv/lib/python3.13/site-packages/rest_framework/views.py", line 515, in dispatch
    response = self.handle_exception(exc)
  File "/home/whoami/Documents/Builds/django/it360acad/it360acad_backend/.venv/lib/python3.13/site-packages/rest_framework/views.py", line 475, in handle_exception
    self.raise_uncaught_exception(exc)
    ~~~~~~~~~~~~~~~~~~~~~~~~~~~~~^^^^^
  File "/home/whoami/Documents/Builds/django/it360acad/it360acad_backend/.venv/lib/python3.13/site-packages/rest_framework/views.py", line 486, in raise_uncaught_exception
    raise exc
  File "/home/whoami/Documents/Builds/django/it360acad/it360acad_backend/.venv/lib/python3.13/site-packages/rest_framework/views.py", line 512, in dispatch
    response = handler(request, *args, **kwargs)
  File "/home/whoami/Documents/Builds/django/it360acad/it360acad_backend/.venv/lib/python3.13/site-packages/drf_spectacular/views.py", line 84, in get
    return self._get_schema_response(request)
           ~~~~~~~~~~~~~~~~~~~~~~~~~^^^^^^^^^
  File "/home/whoami/Documents/Builds/django/it360acad/it360acad_backend/.venv/lib/python3.13/site-packages/drf_spectacular/views.py", line 92, in _get_schema_response
    data=generator.get_schema(request=request, public=self.serve_public),
         ~~~~~~~~~~~~~~~~~~~~^^^^^^^^^^^^^^^^^^^^^^^^^^^^^^^^^^^^^^^^^^^
  File "/home/whoami/Documents/Builds/django/it360acad/it360acad_backend/.venv/lib/python3.13/site-packages/drf_spectacular/generators.py", line 287, in get_schema
    paths=self.parse(request, public),
          ~~~~~~~~~~^^^^^^^^^^^^^^^^^
  File "/home/whoami/Documents/Builds/django/it360acad/it360acad_backend/.venv/lib/python3.13/site-packages/drf_spectacular/generators.py", line 258, in parse
    operation = view.schema.get_operation(
        path, path_regex, path_prefix, method, self.registry
    )
  File "/home/whoami/Documents/Builds/django/it360acad/it360acad_backend/.venv/lib/python3.13/site-packages/drf_spectacular/openapi.py", line 113, in get_operation
    operation['responses'] = self._get_response_bodies()
                             ~~~~~~~~~~~~~~~~~~~~~~~~~^^
  File "/home/whoami/Documents/Builds/django/it360acad/it360acad_backend/.venv/lib/python3.13/site-packages/drf_spectacular/openapi.py", line 1407, in _get_response_bodies
    return {'200': self._get_response_for_code(response_serializers, '200', direction=direction)}
                   ~~~~~~~~~~~~~~~~~~~~~~~~~~~^^^^^^^^^^^^^^^^^^^^^^^^^^^^^^^^^^^^^^^^^^^^^^^^^^
  File "/home/whoami/Documents/Builds/django/it360acad/it360acad_backend/.venv/lib/python3.13/site-packages/drf_spectacular/openapi.py", line 1463, in _get_response_for_code
    component = self.resolve_serializer(serializer, direction)
  File "/home/whoami/Documents/Builds/django/it360acad/it360acad_backend/.venv/lib/python3.13/site-packages/drf_spectacular/openapi.py", line 1658, in resolve_serializer
    component.schema = self._map_serializer(serializer, direction, bypass_extensions)
                       ~~~~~~~~~~~~~~~~~~~~^^^^^^^^^^^^^^^^^^^^^^^^^^^^^^^^^^^^^^^^^^
  File "/home/whoami/Documents/Builds/django/it360acad/it360acad_backend/.venv/lib/python3.13/site-packages/drf_spectacular/openapi.py", line 959, in _map_serializer
    schema = self._map_basic_serializer(serializer, direction)
  File "/home/whoami/Documents/Builds/django/it360acad/it360acad_backend/.venv/lib/python3.13/site-packages/drf_spectacular/openapi.py", line 1052, in _map_basic_serializer
    for field in serializer.fields.values():
                 ^^^^^^^^^^^^^^^^^
  File "/home/whoami/Documents/Builds/django/it360acad/it360acad_backend/.venv/lib/python3.13/site-packages/django/utils/functional.py", line 47, in __get__
    res = instance.__dict__[self.name] = self.func(instance)
                                         ~~~~~~~~~^^^^^^^^^^
  File "/home/whoami/Documents/Builds/django/it360acad/it360acad_backend/.venv/lib/python3.13/site-packages/rest_framework/serializers.py", line 374, in fields
    for key, value in self.get_fields().items():
                      ~~~~~~~~~~~~~~~^^
  File "/home/whoami/Documents/Builds/django/it360acad/it360acad_backend/.venv/lib/python3.13/site-packages/rest_framework/serializers.py", line 1105, in get_fields
    field_class, field_kwargs = self.build_field(
                                ~~~~~~~~~~~~~~~~^
        source, info, model, depth
        ^^^^^^^^^^^^^^^^^^^^^^^^^^
    )
    ^
  File "/home/whoami/Documents/Builds/django/it360acad/it360acad_backend/.venv/lib/python3.13/site-packages/rest_framework/serializers.py", line 1251, in build_field
    return self.build_unknown_field(field_name, model_class)
           ~~~~~~~~~~~~~~~~~~~~~~~~^^^^^^^^^^^^^^^^^^^^^^^^^
  File "/home/whoami/Documents/Builds/django/it360acad/it360acad_backend/.venv/lib/python3.13/site-packages/rest_framework/serializers.py", line 1369, in build_unknown_field
    raise ImproperlyConfigured(
    ...<2 lines>...
    )
django.core.exceptions.ImproperlyConfigured: Field name `paid_by_parent` is not valid for model `CourseEnrollment` in `courses.serializer.enrollment.CourseEnrollmentSerializer`.
[ERROR] 2026-01-16 12:07:55 | Tenant: N/A | User: Webhook | payments | Webhook request missing signature header from IP: 127.0.0.1
[ERROR] 2026-01-18 21:10:27 | request_id=2de25371-f843-4041-a3f5-c738475b3d56 | User: 127.0.0.1 | IP: 127.0.0.1 | django.request | Internal Server Error: /api/schema/
Traceback (most recent call last):
  File "/home/whoami/Documents/Builds/django/venv/lib/python3.13/site-packages/django/core/handlers/exception.py", line 55, in inner
    response = get_response(request)
  File "/home/whoami/Documents/Builds/django/venv/lib/python3.13/site-packages/django/core/handlers/base.py", line 198, in _get_response
    response = wrapped_callback(request, *callback_args, **callback_kwargs)
  File "/home/whoami/Documents/Builds/django/venv/lib/python3.13/site-packages/django/views/decorators/csrf.py", line 65, in _view_wrapper
    return view_func(request, *args, **kwargs)
  File "/home/whoami/Documents/Builds/django/venv/lib/python3.13/site-packages/django/views/generic/base.py", line 106, in view
    return self.dispatch(request, *args, **kwargs)
           ~~~~~~~~~~~~~^^^^^^^^^^^^^^^^^^^^^^^^^^
  File "/home/whoami/Documents/Builds/django/venv/lib/python3.13/site-packages/rest_framework/views.py", line 515, in dispatch
    response = self.handle_exception(exc)
  File "/home/whoami/Documents/Builds/django/venv/lib/python3.13/site-packages/rest_framework/views.py", line 475, in handle_exception
    self.raise_uncaught_exception(exc)
    ~~~~~~~~~~~~~~~~~~~~~~~~~~~~~^^^^^
  File "/home/whoami/Documents/Builds/django/venv/lib/python3.13/site-packages/rest_framework/views.py", line 486, in raise_uncaught_exception
    raise exc
  File "/home/whoami/Documents/Builds/django/venv/lib/python3.13/site-packages/rest_framework/views.py", line 512, in dispatch
    response = handler(request, *args, **kwargs)
  File "/home/whoami/Documents/Builds/django/venv/lib/python3.13/site-packages/drf_spectacular/views.py", line 84, in get
    return self._get_schema_response(request)
           ~~~~~~~~~~~~~~~~~~~~~~~~~^^^^^^^^^
  File "/home/whoami/Documents/Builds/django/venv/lib/python3.13/site-packages/drf_spectacular/views.py", line 92, in _get_schema_response
    data=generator.get_schema(request=request, public=self.serve_public),
         ~~~~~~~~~~~~~~~~~~~~^^^^^^^^^^^^^^^^^^^^^^^^^^^^^^^^^^^^^^^^^^^
  File "/home/whoami/Documents/Builds/django/venv/lib/python3.13/site-packages/drf_spectacular/generators.py", line 287, in get_schema
    paths=self.parse(request, public),
          ~~~~~~~~~~^^^^^^^^^^^^^^^^^
  File "/home/whoami/Documents/Builds/django/venv/lib/python3.13/site-packages/drf_spectacular/generators.py", line 258, in parse
    operation = view.schema.get_operation(
        path, path_regex, path_prefix, method, self.registry
    )
  File "/home/whoami/Documents/Builds/django/venv/lib/python3.13/site-packages/drf_spectacular/openapi.py", line 113, in get_operation
    operation['responses'] = self._get_response_bodies()
                             ~~~~~~~~~~~~~~~~~~~~~~~~~^^
  File "/home/whoami/Documents/Builds/django/venv/lib/python3.13/site-packages/drf_spectacular/openapi.py", line 1407, in _get_response_bodies
    return {'200': self._get_response_for_code(response_serializers, '200', direction=direction)}
                   ~~~~~~~~~~~~~~~~~~~~~~~~~~~^^^^^^^^^^^^^^^^^^^^^^^^^^^^^^^^^^^^^^^^^^^^^^^^^^
  File "/home/whoami/Documents/Builds/django/venv/lib/python3.13/site-packages/drf_spectacular/openapi.py", line 1463, in _get_response_for_code
    component = self.resolve_serializer(serializer, direction)
  File "/home/whoami/Documents/Builds/django/venv/lib/python3.13/site-packages/drf_spectacular/openapi.py", line 1658, in resolve_serializer
    component.schema = self._map_serializer(serializer, direction, bypass_extensions)
                       ~~~~~~~~~~~~~~~~~~~~^^^^^^^^^^^^^^^^^^^^^^^^^^^^^^^^^^^^^^^^^^
  File "/home/whoami/Documents/Builds/django/venv/lib/python3.13/site-packages/drf_spectacular/openapi.py", line 959, in _map_serializer
    schema = self._map_basic_serializer(serializer, direction)
  File "/home/whoami/Documents/Builds/django/venv/lib/python3.13/site-packages/drf_spectacular/openapi.py", line 1058, in _map_basic_serializer
    schema = self._map_serializer_field(field, direction)
  File "/home/whoami/Documents/Builds/django/venv/lib/python3.13/site-packages/drf_spectacular/openapi.py", line 685, in _map_serializer_field
    component = self.resolve_serializer(field, direction)
  File "/home/whoami/Documents/Builds/django/venv/lib/python3.13/site-packages/drf_spectacular/openapi.py", line 1658, in resolve_serializer
    component.schema = self._map_serializer(serializer, direction, bypass_extensions)
                       ~~~~~~~~~~~~~~~~~~~~^^^^^^^^^^^^^^^^^^^^^^^^^^^^^^^^^^^^^^^^^^
  File "/home/whoami/Documents/Builds/django/venv/lib/python3.13/site-packages/drf_spectacular/openapi.py", line 959, in _map_serializer
    schema = self._map_basic_serializer(serializer, direction)
  File "/home/whoami/Documents/Builds/django/venv/lib/python3.13/site-packages/drf_spectacular/openapi.py", line 1052, in _map_basic_serializer
    for field in serializer.fields.values():
                 ^^^^^^^^^^^^^^^^^
  File "/home/whoami/Documents/Builds/django/venv/lib/python3.13/site-packages/django/utils/functional.py", line 47, in __get__
    res = instance.__dict__[self.name] = self.func(instance)
                                         ~~~~~~~~~^^^^^^^^^^
  File "/home/whoami/Documents/Builds/django/venv/lib/python3.13/site-packages/rest_framework/serializers.py", line 374, in fields
    for key, value in self.get_fields().items():
                      ~~~~~~~~~~~~~~~^^
  File "/home/whoami/Documents/Builds/django/venv/lib/python3.13/site-packages/rest_framework/serializers.py", line 1081, in get_fields
    field_names = self.get_field_names(declared_fields, info)
  File "/home/whoami/Documents/Builds/django/venv/lib/python3.13/site-packages/rest_framework/serializers.py", line 1177, in get_field_names
    assert field_name in fields, (
           ^^^^^^^^^^^^^^^^^^^^
AssertionError: The field 'linking_code' was declared on serializer UserDetailSerializer, but has not been included in the 'fields' option.
[ERROR] 2026-01-18 21:10:28 | request_id=b28411a3-742a-4a36-80c9-63f518eb69b8 | User: 127.0.0.1 | IP: 127.0.0.1 | django.request | Internal Server Error: /api/schema/
Traceback (most recent call last):
  File "/home/whoami/Documents/Builds/django/venv/lib/python3.13/site-packages/django/core/handlers/exception.py", line 55, in inner
    response = get_response(request)
  File "/home/whoami/Documents/Builds/django/venv/lib/python3.13/site-packages/django/core/handlers/base.py", line 198, in _get_response
    response = wrapped_callback(request, *callback_args, **callback_kwargs)
  File "/home/whoami/Documents/Builds/django/venv/lib/python3.13/site-packages/django/views/decorators/csrf.py", line 65, in _view_wrapper
    return view_func(request, *args, **kwargs)
  File "/home/whoami/Documents/Builds/django/venv/lib/python3.13/site-packages/django/views/generic/base.py", line 106, in view
    return self.dispatch(request, *args, **kwargs)
           ~~~~~~~~~~~~~^^^^^^^^^^^^^^^^^^^^^^^^^^
  File "/home/whoami/Documents/Builds/django/venv/lib/python3.13/site-packages/rest_framework/views.py", line 515, in dispatch
    response = self.handle_exception(exc)
  File "/home/whoami/Documents/Builds/django/venv/lib/python3.13/site-packages/rest_framework/views.py", line 475, in handle_exception
    self.raise_uncaught_exception(exc)
    ~~~~~~~~~~~~~~~~~~~~~~~~~~~~~^^^^^
  File "/home/whoami/Documents/Builds/django/venv/lib/python3.13/site-packages/rest_framework/views.py", line 486, in raise_uncaught_exception
    raise exc
  File "/home/whoami/Documents/Builds/django/venv/lib/python3.13/site-packages/rest_framework/views.py", line 512, in dispatch
    response = handler(request, *args, **kwargs)
  File "/home/whoami/Documents/Builds/django/venv/lib/python3.13/site-packages/drf_spectacular/views.py", line 84, in get
    return self._get_schema_response(request)
           ~~~~~~~~~~~~~~~~~~~~~~~~~^^^^^^^^^
  File "/home/whoami/Documents/Builds/django/venv/lib/python3.13/site-packages/drf_spectacular/views.py", line 92, in _get_schema_response
    data=generator.get_schema(request=request, public=self.serve_public),
         ~~~~~~~~~~~~~~~~~~~~^^^^^^^^^^^^^^^^^^^^^^^^^^^^^^^^^^^^^^^^^^^
  File "/home/whoami/Documents/Builds/django/venv/lib/python3.13/site-packages/drf_spectacular/generators.py", line 287, in get_schema
    paths=self.parse(request, public),
          ~~~~~~~~~~^^^^^^^^^^^^^^^^^
  File "/home/whoami/Documents/Builds/django/venv/lib/python3.13/site-packages/drf_spectacular/generators.py", line 258, in parse
    operation = view.schema.get_operation(
        path, path_regex, path_prefix, method, self.registry
    )
  File "/home/whoami/Documents/Builds/django/venv/lib/python3.13/site-packages/drf_spectacular/openapi.py", line 113, in get_operation
    operation['responses'] = self._get_response_bodies()
                             ~~~~~~~~~~~~~~~~~~~~~~~~~^^
  File "/home/whoami/Documents/Builds/django/venv/lib/python3.13/site-packages/drf_spectacular/openapi.py", line 1407, in _get_response_bodies
    return {'200': self._get_response_for_code(response_serializers, '200', direction=direction)}
                   ~~~~~~~~~~~~~~~~~~~~~~~~~~~^^^^^^^^^^^^^^^^^^^^^^^^^^^^^^^^^^^^^^^^^^^^^^^^^^
  File "/home/whoami/Documents/Builds/django/venv/lib/python3.13/site-packages/drf_spectacular/openapi.py", line 1463, in _get_response_for_code
    component = self.resolve_serializer(serializer, direction)
  File "/home/whoami/Documents/Builds/django/venv/lib/python3.13/site-packages/drf_spectacular/openapi.py", line 1658, in resolve_serializer
    component.schema = self._map_serializer(serializer, direction, bypass_extensions)
                       ~~~~~~~~~~~~~~~~~~~~^^^^^^^^^^^^^^^^^^^^^^^^^^^^^^^^^^^^^^^^^^
  File "/home/whoami/Documents/Builds/django/venv/lib/python3.13/site-packages/drf_spectacular/openapi.py", line 959, in _map_serializer
    schema = self._map_basic_serializer(serializer, direction)
  File "/home/whoami/Documents/Builds/django/venv/lib/python3.13/site-packages/drf_spectacular/openapi.py", line 1058, in _map_basic_serializer
    schema = self._map_serializer_field(field, direction)
  File "/home/whoami/Documents/Builds/django/venv/lib/python3.13/site-packages/drf_spectacular/openapi.py", line 685, in _map_serializer_field
    component = self.resolve_serializer(field, direction)
  File "/home/whoami/Documents/Builds/django/venv/lib/python3.13/site-packages/drf_spectacular/openapi.py", line 1658, in resolve_serializer
    component.schema = self._map_serializer(serializer, direction, bypass_extensions)
                       ~~~~~~~~~~~~~~~~~~~~^^^^^^^^^^^^^^^^^^^^^^^^^^^^^^^^^^^^^^^^^^
  File "/home/whoami/Documents/Builds/django/venv/lib/python3.13/site-packages/drf_spectacular/openapi.py", line 959, in _map_serializer
    schema = self._map_basic_serializer(serializer, direction)
  File "/home/whoami/Documents/Builds/django/venv/lib/python3.13/site-packages/drf_spectacular/openapi.py", line 1052, in _map_basic_serializer
    for field in serializer.fields.values():
                 ^^^^^^^^^^^^^^^^^
  File "/home/whoami/Documents/Builds/django/venv/lib/python3.13/site-packages/django/utils/functional.py", line 47, in __get__
    res = instance.__dict__[self.name] = self.func(instance)
                                         ~~~~~~~~~^^^^^^^^^^
  File "/home/whoami/Documents/Builds/django/venv/lib/python3.13/site-packages/rest_framework/serializers.py", line 374, in fields
    for key, value in self.get_fields().items():
                      ~~~~~~~~~~~~~~~^^
  File "/home/whoami/Documents/Builds/django/venv/lib/python3.13/site-packages/rest_framework/serializers.py", line 1081, in get_fields
    field_names = self.get_field_names(declared_fields, info)
  File "/home/whoami/Documents/Builds/django/venv/lib/python3.13/site-packages/rest_framework/serializers.py", line 1177, in get_field_names
    assert field_name in fields, (
           ^^^^^^^^^^^^^^^^^^^^
AssertionError: The field 'linking_code' was declared on serializer UserDetailSerializer, but has not been included in the 'fields' option.
